{"level":"info","message":"11/3/2023 - /api/users - POST"}
{"level":"info","message":"11/3/2023 - /api/users - POST"}
{"level":"info","message":"11/3/2023 - /api/users - POST"}
{"level":"info","message":"11/3/2023 - /api/users - POST"}
{"level":"info","message":"11/3/2023 - /api/users - POST"}
{"level":"info","message":"11/3/2023 - /api/users - POST"}
{"level":"info","message":"11/3/2023 - /api/users - POST"}
{"level":"info","message":"11/3/2023 - /api/users - POST"}
{"level":"info","message":"11/3/2023 - /api/users - POST"}
{"level":"info","message":"11/3/2023 - /api/users - POST"}
{"level":"info","message":"11/3/2023 - /api/users/ - POST"}
{"level":"info","message":"11/3/2023 - /api/users/ - POST"}
{"level":"info","message":"11/3/2023 - /api/users/ - POST"}
{"level":"info","message":"11/3/2023 - /api/users/ - POST"}
{"level":"info","message":"11/3/2023 - /api/users/ - POST"}
{"level":"info","message":"11/3/2023 - /api/users/ - POST"}
{"level":"info","message":"11/3/2023 - /api/users/ - POST"}
{"level":"info","message":"11/3/2023 - /api/users/ - POST"}
{"level":"info","message":"11/3/2023 - /api/users/ - POST"}
{"level":"info","message":"11/3/2023 - /api/users/ - POST"}
{"level":"info","message":"11/3/2023 - /api/users/ - POST"}
{"level":"info","message":"11/3/2023 - /api/users/ - POST"}
{"level":"info","message":"11/3/2023 - /api/users/ - POST"}
{"level":"info","message":"11/3/2023 - /api/users - GET"}
{"level":"info","message":"11/3/2023 - /api/users - GET"}
{"level":"info","message":"11/3/2023 - /api/users - GET"}
{"level":"info","message":"11/3/2023 - /api/users - GET"}
{"level":"info","message":"11/3/2023 - /api/users - GET"}
{"level":"info","message":"11/3/2023 - /api/users - GET"}
{"level":"info","message":"11/3/2023 - /api/users - GET"}
{"level":"info","message":"11/3/2023 - /api/users - GET"}
{"level":"info","message":"11/3/2023 - /api/users - GET"}
{"level":"info","message":"11/3/2023 - /api/users - GET"}
{"level":"info","message":"11/3/2023 - /api/users - GET"}
{"level":"info","message":"11/3/2023 - /api/users - GET"}
{"level":"info","message":"11/3/2023 - /api/users - GET"}
{"level":"info","message":"11/3/2023 - /api/users - GET"}
{"level":"info","message":"11/3/2023 - /api/users - GET"}
{"level":"info","message":"11/3/2023 - /api/users - GET"}
{"level":"info","message":"11/3/2023 - /api/users - GET"}
{"level":"info","message":"11/3/2023 - /api/users - GET"}
{"level":"info","message":"11/3/2023 - /api/users/ - POST"}
{"level":"info","message":"11/3/2023 - /api/users - GET"}
{"level":"info","message":"11/3/2023 - /api/users - GET"}
{"level":"info","message":"11/3/2023 - /api/users - GET"}
{"level":"info","message":"11/3/2023 - /api/users - GET"}
{"level":"info","message":"11/3/2023 - /api/users - GET"}
{"level":"info","message":"11/3/2023 - /api/users - GET"}
{"level":"info","message":"11/3/2023 - /api/users - GET"}
{"level":"info","message":"11/3/2023 - /api/users - GET"}
{"level":"info","message":"11/3/2023 - /api/users/ - POST"}
{"level":"info","message":"11/3/2023 - /api/users - GET"}
{"level":"info","message":"11/3/2023 - /api/users - GET"}
{"level":"info","message":"11/3/2023 - /api/users - GET"}
{"level":"info","message":"11/3/2023 - /api/users - GET"}
{"level":"info","message":"11/3/2023 - /api/users/ - POST"}
{"level":"info","message":"11/3/2023 - /api/users - GET"}
{"level":"info","message":"11/3/2023 - /api/users - GET"}
{"level":"info","message":"11/3/2023 - /api/users - GET"}
{"level":"info","message":"11/3/2023 - /api/users - GET"}
{"level":"info","message":"11/3/2023 - /api/users - GET"}
{"level":"info","message":"11/3/2023 - /api/users - GET"}
{"level":"info","message":"11/3/2023 - /api/users - GET"}
{"level":"info","message":"11/3/2023 - /api/users - GET"}
{"level":"info","message":"11/3/2023 - /api/users/ - POST"}
{"level":"info","message":"11/3/2023 - /api/users - GET"}
{"level":"info","message":"11/3/2023 - / - GET"}
{"level":"info","message":"11/3/2023 - /api/users - GET"}
{"level":"info","message":"11/3/2023 - /api/users - GET"}
{"level":"info","message":"11/3/2023 - /api/users - GET"}
{"level":"info","message":"11/3/2023 - /api/users - GET"}
{"level":"info","message":"11/3/2023 - /api/users/ - POST"}
{"level":"info","message":"11/3/2023 - /api/users - GET"}
{"level":"info","message":"11/3/2023 - /api/users - GET"}
{"level":"info","message":"11/3/2023 - /api/users - GET"}
{"level":"info","message":"11/3/2023 - /api/users - GET"}
{"level":"info","message":"11/3/2023 - /api/users - GET"}
{"level":"info","message":"11/3/2023 - /api/users - GET"}
{"level":"info","message":"11/3/2023 - /api/users - GET"}
{"level":"info","message":"11/3/2023 - /api/users - GET"}
{"level":"info","message":"11/3/2023 - /api/users - GET"}
{"level":"info","message":"11/3/2023 - /api/users - GET"}
{"level":"info","message":"11/3/2023 - /api/users - GET"}
{"level":"info","message":"11/3/2023 - /api/users - GET"}
{"level":"info","message":"11/3/2023 - /api/users - GET"}
{"level":"info","message":"11/3/2023 - /api/users - GET"}
{"level":"info","message":"11/3/2023 - /api/users - GET"}
{"level":"info","message":"11/3/2023 - /api/users - GET"}
{"level":"info","message":"11/3/2023 - /api/users - GET"}
{"level":"info","message":"11/6/2023 - /api/users - GET"}
{"level":"info","message":"11/6/2023 - /api/users - GET"}
{"level":"info","message":"11/6/2023 - /api/users/ - POST"}
{"level":"info","message":"11/6/2023 - /api/users - GET"}
{"level":"info","message":"11/6/2023 - /api/users - GET"}
{"level":"info","message":"11/6/2023 - /api/users - GET"}
{"level":"info","message":"11/6/2023 - /api/users - GET"}
{"level":"info","message":"11/6/2023 - /api/users - GET"}
{"level":"info","message":"11/6/2023 - /api/users - GET"}
{"level":"info","message":"11/6/2023 - /api/users - GET"}
{"level":"info","message":"11/6/2023 - /api/users - GET"}
{"level":"info","message":"11/6/2023 - /api/users - GET"}
{"level":"info","message":"11/6/2023 - /api/users - GET"}
{"level":"info","message":"11/6/2023 - /api/users - GET"}
{"level":"info","message":"11/6/2023 - /api/users - GET"}
{"level":"info","message":"11/6/2023 - /api/users - GET"}
{"level":"info","message":"11/6/2023 - /api/users/ - POST"}
{"level":"info","message":"11/6/2023 - /api/users - GET"}
{"level":"info","message":"11/6/2023 - /api/users - GET"}
{"level":"info","message":"11/6/2023 - /api/users - GET"}
{"level":"info","message":"11/6/2023 - /api/users/ - POST"}
{"level":"info","message":"11/6/2023 - /api/users - GET"}
{"level":"info","message":"11/6/2023 - /api/users - GET"}
{"level":"info","message":"11/6/2023 - /api/users - GET"}
{"level":"info","message":"11/6/2023 - /api/users - GET"}
{"level":"info","message":"11/6/2023 - /api/users - GET"}
{"level":"info","message":"11/6/2023 - /api/users - GET"}
{"level":"info","message":"11/6/2023 - /api/users - GET"}
{"level":"info","message":"11/6/2023 - /api/users - GET"}
{"level":"info","message":"11/6/2023 - /api/users - GET"}
{"level":"info","message":"11/6/2023 - /api/users - GET"}
{"level":"info","message":"11/6/2023 - /api/users - GET"}
{"level":"info","message":"11/6/2023 - /api/users - GET"}
{"level":"info","message":"11/6/2023 - /api/users - GET"}
{"level":"info","message":"11/6/2023 - /api/users - GET"}
{"level":"info","message":"11/6/2023 - /api/users - GET"}
{"level":"info","message":"11/6/2023 - /api/users - GET"}
{"level":"info","message":"11/6/2023 - /api/users - GET"}
{"level":"info","message":"11/6/2023 - /api/users - GET"}
{"level":"info","message":"11/6/2023 - /api/users - GET"}
{"level":"info","message":"11/6/2023 - /api/users - GET"}
{"level":"info","message":"11/6/2023 - /api/users - GET"}
{"level":"info","message":"11/6/2023 - /api/users/8c68538e-c97b-4ec4-ba34-089947460ba5 - DELETE"}
{"level":"info","message":"11/6/2023 - /api/users - GET"}
{"level":"info","message":"11/6/2023 - /api/users/69c1a256-c837-46a3-b45e-e2e77ba073e1 - DELETE"}
{"level":"info","message":"11/6/2023 - /api/users - GET"}
{"level":"info","message":"11/6/2023 - /api/users/12b7111e-b647-4600-8c5c-2170450b3d94 - DELETE"}
{"level":"info","message":"11/6/2023 - /api/users - GET"}
{"level":"info","message":"11/6/2023 - /api/users/ - POST"}
{"level":"info","message":"11/6/2023 - /api/users - GET"}
